2022-05-31 17:06:04 [scrapy] DEBUG: Crawled (200) <GET https://www.amazon.com/robots.txt> (referer: None)
2022-05-31 17:06:04 [scrapy] DEBUG: Redirecting (301) to <GET https://www.amazon.com/STORi-Removable-BPA-Free-Shatter-proof-Entertaining/dp/B07KFPMKKL> from <GET https://www.amazon.com/dp/B07KFPMKKL/>
2022-05-31 17:06:05 [scrapy] DEBUG: Crawled (200) <GET https://www.amazon.com/STORi-Removable-BPA-Free-Shatter-proof-Entertaining/dp/B07KFPMKKL> (referer: None)
2022-05-31 17:06:06 [scrapy] DEBUG: Scraped from <200 https://www.amazon.com/STORi-Removable-BPA-Free-Shatter-proof-Entertaining/dp/B07KFPMKKL>
{'asin': 'B07KFPMKKL',
 'bullet_point': [' ',
                  '\n',
                  ' VERSATILE everyday pitcher; great for indoor dining and '
                  'outdoor parties  ',
                  ' Sturdy handle for easy pouring and wide base provides '
                  'STABILITY  ',
                  ' 64-ounce maximum CAPACITY 9-1/4-inches tall and 4-inch by '
                  '5-inch mouth opening  ',
                  ' Durable BPA-FREE material will not shatter like glass  ',
                  ' Clear lid keeps ice inside pitcher when pouring and is '
                  'REMOVABLE for a classic look  '],
 'image_count': 7,
 'images': ['https://m.media-amazon.com/images/I/71+GwN93RxL._AC_SL1500_.jpg',
            'https://m.media-amazon.com/images/I/71AeRaVKtcL._AC_SL1500_.jpg',
            'https://m.media-amazon.com/images/I/61wr4Jtyd3L._AC_SL1500_.jpg',
            'https://m.media-amazon.com/images/I/612zaa3hBEL._AC_SL1500_.jpg',
            'https://m.media-amazon.com/images/I/71snxsd38ZL._AC_SL1500_.jpg',
            'https://m.media-amazon.com/images/I/81iBLHnMGFL._AC_SL1500_.jpg',
            'https://m.media-amazon.com/images/I/61je7B3ydML._AC_SL1500_.jpg'],
 'item_name': 'STORi Clear Plastic Pitcher with Removable Lid | BPA-Free and '
              'Shatter-proof | 64-ounce | Perfect for Everyday Use and Outdoor '
              'Entertaining | Fill with Lemonade, Iced-Tea, Juice, and More'}
2022-05-31 17:06:06 [scrapy] INFO: Closing spider (finished)
2022-05-31 17:06:06 [scrapy] INFO: Dumping Scrapy stats:
{'downloader/request_bytes': 731,
 'downloader/request_count': 3,
 'downloader/request_method_count/GET': 3,
 'downloader/response_bytes': 159475,
 'downloader/response_count': 3,
 'downloader/response_status_count/200': 2,
 'downloader/response_status_count/301': 1,
 'elapsed_time_seconds': 2.066533,
 'finish_reason': 'finished',
 'finish_time': datetime.datetime(2022, 5, 31, 22, 6, 6, 160731),
 'httpcompression/response_bytes': 763795,
 'httpcompression/response_count': 1,
 'item_scraped_count': 1,
 'log_count/DEBUG': 4,
 'log_count/INFO': 7,
 'log_count/WARNING': 1,
 'memusage/max': 70647808,
 'memusage/startup': 70647808,
 'response_received_count': 2,
 'robotstxt/request_count': 1,
 'robotstxt/response_count': 1,
 'robotstxt/response_status_count/200': 1,
 'scheduler/dequeued': 2,
 'scheduler/dequeued/memory': 2,
 'scheduler/enqueued': 2,
 'scheduler/enqueued/memory': 2,
 'start_time': datetime.datetime(2022, 5, 31, 22, 6, 4, 94198)}
2022-05-31 17:06:06 [scrapy] INFO: Spider closed (finished)
