2022-05-31 17:08:37 [scrapy] DEBUG: Crawled (200) <GET https://www.amazon.com/robots.txt> (referer: None)
2022-05-31 17:08:37 [scrapy] DEBUG: Redirecting (301) to <GET https://www.amazon.com/Yueshico-Stainless-Watermelon-Vegetable-Kitchen/dp/B07MYXN2L9> from <GET https://www.amazon.com/Yueshico-Stainless-Watermelon-Vegetable-Kitchen/dp/B07MYXN2L9/ref=lp_23874220011_1_4>
2022-05-31 17:08:38 [scrapy] DEBUG: Crawled (200) <GET https://www.amazon.com/Yueshico-Stainless-Watermelon-Vegetable-Kitchen/dp/B07MYXN2L9> (referer: None)
2022-05-31 17:08:38 [scrapy] DEBUG: Scraped from <200 https://www.amazon.com/Yueshico-Stainless-Watermelon-Vegetable-Kitchen/dp/B07MYXN2L9>
{'asin': 'B07MYXN2L9',
 'bullet_point': [' ',
                  '\n',
                  ' NEWEST SUPERIOR DESIGN: Your best solution for eating '
                  'watermelon design by YUESHICO. This watermelon slicer come '
                  'with one automatic cutter blade, just push the watermelon '
                  'slicer tool into watermelon, watermelon cubes come out '
                  'automatic. Watermelon cutting ruler help you to measure '
                  '0-2CM cubes as your ideal size.  ',
                  ' PERFECT CUBE SLICES: The watermelon slicer is designed so '
                  'that you can cut the perfectly cube shaped slices of '
                  'watermelon that you cut every time! It’s unique composition '
                  'allows you to make clean and quick slices in watermelon '
                  'without breaking a sweat! This unique slicing mechanism '
                  'allows you to cut the watermelon into the perfect cube size '
                  '2CM that you want every time you use it.  ',
                  ' QUICK & EASY TO USE: Stainless steel 18/8 Watermelon '
                  'Slicer is an serve easy tool to allow quick cutting and '
                  'serving of watermelon cubes smoothly and easily. Watermelon '
                  'gets the cubes you imagined with just one easy step, just '
                  'push it. Quickly and effortlessly cuts into the watermelon '
                  'fruit; allowing for fast and easy serving straight out of '
                  'the melon cube onto the plate. Make your own watermelon '
                  'salad in one minute, enjoy refreshing watermelon cubes '
                  'hassle free without dealing with drippy mess.  ',
                  ' ABSOLUTELY SAFE & KID-FRIENDLY EDGES: YUESHICO watermelon '
                  'slicer features unique rounded edges and non-sharp blades, '
                  'making it perfectly safe. All you have to do is use them to '
                  "push cut the watermelon into cube, and they'll be perfectly "
                  'safe, even for children! Never have to worry about '
                  'accidents.  ',
                  ' BUY WITH CONFIDENCE: 100% Money-Back Guarantee. Order '
                  'today while supplies last. Because we trust the quality of '
                  'our products, if something ever happens to your watermelon '
                  'slicer, YUESHICO WILL REPLACE IT immediately without any '
                  'costs or efforts from your side.  '],
 'image_count': 6,
 'images': ['https://m.media-amazon.com/images/I/71psZ8E0AOL._AC_SL1500_.jpg',
            'https://m.media-amazon.com/images/I/71GjXyqn-PL._AC_SL1500_.jpg',
            'https://m.media-amazon.com/images/I/61r6AgJ6UsL._AC_SL1500_.jpg',
            'https://m.media-amazon.com/images/I/71CTAvJHxVL._AC_SL1500_.jpg',
            'https://m.media-amazon.com/images/I/615ohRqpl7L._AC_SL1500_.jpg',
            'https://m.media-amazon.com/images/I/61eVxqliQhL._AC_SL1500_.jpg'],
 'item_name': 'Yueshico Stainless Steel Watermelon Slicer Cutter Knife Corer '
              'Fruit Vegetable Tools Kitchen Gadgets with Melon Baller Scoop '
              'Extra'}
2022-05-31 17:08:38 [scrapy] INFO: Closing spider (finished)
2022-05-31 17:08:38 [scrapy] INFO: Dumping Scrapy stats:
{'downloader/request_bytes': 797,
 'downloader/request_count': 3,
 'downloader/request_method_count/GET': 3,
 'downloader/response_bytes': 156172,
 'downloader/response_count': 3,
 'downloader/response_status_count/200': 2,
 'downloader/response_status_count/301': 1,
 'elapsed_time_seconds': 1.998517,
 'finish_reason': 'finished',
 'finish_time': datetime.datetime(2022, 5, 31, 22, 8, 38, 807385),
 'httpcompression/response_bytes': 735730,
 'httpcompression/response_count': 1,
 'item_scraped_count': 1,
 'log_count/DEBUG': 4,
 'log_count/INFO': 7,
 'memusage/max': 89358336,
 'memusage/startup': 89358336,
 'response_received_count': 2,
 'robotstxt/request_count': 1,
 'robotstxt/response_count': 1,
 'robotstxt/response_status_count/200': 1,
 'scheduler/dequeued': 2,
 'scheduler/dequeued/memory': 2,
 'scheduler/enqueued': 2,
 'scheduler/enqueued/memory': 2,
 'start_time': datetime.datetime(2022, 5, 31, 22, 8, 36, 808868)}
2022-05-31 17:08:38 [scrapy] INFO: Spider closed (finished)
